app/build/intermediates/manifest_merge_blame_file/debug/processDebugMainManifest/manifest-merger-blame-debug-report.txt
1<?xml version="1.0" encoding="utf-8"?>
2<manifest xmlns:android="http://schemas.android.com/apk/res/android"
3    package="g.p.smartcalculater"
4    android:versionCode="1"
5    android:versionName="1.0" >
6
7    <uses-sdk
8        android:minSdkVersion="26"
9        android:targetSdkVersion="35" />
10
11    <uses-permission android:name="android.permission.INTERNET" />
11-->src\main\AndroidManifest.xml:5:5-66
11-->src\main\AndroidManifest.xml:5:22-64
12
13    <!-- Although the *SdkVersion is captured in gradle build files, this is required for non gradle builds -->
14    <!-- <uses-sdk android:minSdkVersion="14"/> -->
15    <uses-permission android:name="android.permission.ACCESS_NETWORK_STATE" />
15-->[com.google.firebase:firebase-database:19.2.0] AndroidManifest.xml:25:5-79
15-->[com.google.firebase:firebase-database:19.2.0] AndroidManifest.xml:25:22-76
16    <uses-permission android:name="android.permission.CAMERA" /> <!-- Don't require camera, as this requires a rear camera. This allows it to work on the Nexus 7 -->
16-->[com.journeyapps:zxing-android-embedded:4.3.0] AndroidManifest.xml:22:5-65
16-->[com.journeyapps:zxing-android-embedded:4.3.0] AndroidManifest.xml:22:22-62
17    <uses-feature
17-->[com.journeyapps:zxing-android-embedded:4.3.0] AndroidManifest.xml:25:5-27:36
18        android:name="android.hardware.camera"
18-->[com.journeyapps:zxing-android-embedded:4.3.0] AndroidManifest.xml:26:9-47
19        android:required="false" />
19-->[com.journeyapps:zxing-android-embedded:4.3.0] AndroidManifest.xml:27:9-33
20    <uses-feature
20-->[com.journeyapps:zxing-android-embedded:4.3.0] AndroidManifest.xml:28:5-30:36
21        android:name="android.hardware.camera.front"
21-->[com.journeyapps:zxing-android-embedded:4.3.0] AndroidManifest.xml:29:9-53
22        android:required="false" /> <!-- TODO replace above two with next line after Android 4.2 -->
22-->[com.journeyapps:zxing-android-embedded:4.3.0] AndroidManifest.xml:30:9-33
23    <!-- <uses-feature android:name="android.hardware.camera.any"/> -->
24    <uses-feature
24-->[com.journeyapps:zxing-android-embedded:4.3.0] AndroidManifest.xml:33:5-35:36
25        android:name="android.hardware.camera.autofocus"
25-->[com.journeyapps:zxing-android-embedded:4.3.0] AndroidManifest.xml:34:9-57
26        android:required="false" />
26-->[com.journeyapps:zxing-android-embedded:4.3.0] AndroidManifest.xml:35:9-33
27    <uses-feature
27-->[com.journeyapps:zxing-android-embedded:4.3.0] AndroidManifest.xml:36:5-38:36
28        android:name="android.hardware.camera.flash"
28-->[com.journeyapps:zxing-android-embedded:4.3.0] AndroidManifest.xml:37:9-53
29        android:required="false" />
29-->[com.journeyapps:zxing-android-embedded:4.3.0] AndroidManifest.xml:38:9-33
30    <uses-feature
30-->[com.journeyapps:zxing-android-embedded:4.3.0] AndroidManifest.xml:39:5-41:36
31        android:name="android.hardware.screen.landscape"
31-->[com.journeyapps:zxing-android-embedded:4.3.0] AndroidManifest.xml:40:9-57
32        android:required="false" />
32-->[com.journeyapps:zxing-android-embedded:4.3.0] AndroidManifest.xml:41:9-33
33    <uses-feature
33-->[com.journeyapps:zxing-android-embedded:4.3.0] AndroidManifest.xml:42:5-44:36
34        android:name="android.hardware.wifi"
34-->[com.journeyapps:zxing-android-embedded:4.3.0] AndroidManifest.xml:43:9-45
35        android:required="false" />
35-->[com.journeyapps:zxing-android-embedded:4.3.0] AndroidManifest.xml:44:9-33
36
37    <uses-permission android:name="android.permission.WAKE_LOCK" /> <!-- Required by older versions of Google Play services to create IID tokens -->
37-->[com.google.android.gms:play-services-measurement-api:17.2.1] AndroidManifest.xml:24:5-68
37-->[com.google.android.gms:play-services-measurement-api:17.2.1] AndroidManifest.xml:24:22-65
38    <uses-permission android:name="com.google.android.c2dm.permission.RECEIVE" />
38-->[com.google.firebase:firebase-iid:20.0.1] AndroidManifest.xml:26:5-82
38-->[com.google.firebase:firebase-iid:20.0.1] AndroidManifest.xml:26:22-79
39    <uses-permission android:name="com.google.android.finsky.permission.BIND_GET_INSTALL_REFERRER_SERVICE" />
39-->[com.google.android.gms:play-services-measurement:17.2.1] AndroidManifest.xml:26:5-110
39-->[com.google.android.gms:play-services-measurement:17.2.1] AndroidManifest.xml:26:22-107
40
41    <permission
41-->[androidx.core:core:1.9.0] AndroidManifest.xml:22:5-24:47
42        android:name="g.p.smartcalculater.DYNAMIC_RECEIVER_NOT_EXPORTED_PERMISSION"
42-->[androidx.core:core:1.9.0] AndroidManifest.xml:23:9-81
43        android:protectionLevel="signature" />
43-->[androidx.core:core:1.9.0] AndroidManifest.xml:24:9-44
44
45    <uses-permission android:name="g.p.smartcalculater.DYNAMIC_RECEIVER_NOT_EXPORTED_PERMISSION" />
45-->[androidx.core:core:1.9.0] AndroidManifest.xml:26:5-97
45-->[androidx.core:core:1.9.0] AndroidManifest.xml:26:22-94
46
47    <application
47-->src\main\AndroidManifest.xml:7:5-50:19
48        android:allowBackup="true"
48-->src\main\AndroidManifest.xml:8:9-35
49        android:appComponentFactory="androidx.core.app.CoreComponentFactory"
49-->[androidx.core:core:1.9.0] AndroidManifest.xml:28:18-86
50        android:debuggable="true"
51        android:extractNativeLibs="false"
52        android:icon="@drawable/ic_launcher"
52-->src\main\AndroidManifest.xml:9:9-45
53        android:label="@string/app_name"
53-->src\main\AndroidManifest.xml:10:9-41
54        android:roundIcon="@drawable/ic_launcher"
54-->src\main\AndroidManifest.xml:11:9-50
55        android:supportsRtl="true"
55-->src\main\AndroidManifest.xml:12:9-35
56        android:testOnly="true"
57        android:theme="@style/Theme.WalletApp"
57-->src\main\AndroidManifest.xml:14:9-47
58        android:usesCleartextTraffic="true" >
58-->src\main\AndroidManifest.xml:13:9-44
59        <activity
59-->src\main\AndroidManifest.xml:17:9-24:20
60            android:name="com.jose.walletapp.SplashActivity"
60-->src\main\AndroidManifest.xml:17:19-67
61            android:exported="true" >
61-->src\main\AndroidManifest.xml:18:13-36
62            <intent-filter>
62-->src\main\AndroidManifest.xml:19:13-23:29
63                <action android:name="android.intent.action.MAIN" />
63-->src\main\AndroidManifest.xml:20:17-69
63-->src\main\AndroidManifest.xml:20:25-66
64
65                <category android:name="android.intent.category.LAUNCHER" />
65-->src\main\AndroidManifest.xml:22:17-77
65-->src\main\AndroidManifest.xml:22:27-74
66            </intent-filter>
67        </activity>
68        <activity android:name="com.jose.walletapp.MainActivity" />
68-->src\main\AndroidManifest.xml:26:9-67
68-->src\main\AndroidManifest.xml:26:19-65
69        <activity android:name="com.jose.walletapp.TokenDetailsActivity" />
69-->src\main\AndroidManifest.xml:27:9-75
69-->src\main\AndroidManifest.xml:27:19-73
70        <activity android:name="com.jose.walletapp.LoginActivity" />
70-->src\main\AndroidManifest.xml:28:9-68
70-->src\main\AndroidManifest.xml:28:19-66
71        <activity android:name="com.jose.walletapp.SignupActivity" />
71-->src\main\AndroidManifest.xml:29:9-69
71-->src\main\AndroidManifest.xml:29:19-67
72        <activity android:name="com.jose.walletapp.SendCryptoActivity" />
72-->src\main\AndroidManifest.xml:30:9-73
72-->src\main\AndroidManifest.xml:30:19-71
73        <activity
73-->src\main\AndroidManifest.xml:31:9-41:20
74            android:name="com.jose.walletapp.MyWalletActivity"
74-->src\main\AndroidManifest.xml:31:19-69
75            android:exported="true" >
75-->src\main\AndroidManifest.xml:32:13-36
76            <intent-filter>
76-->src\main\AndroidManifest.xml:33:13-40:29
77                <action android:name="android.intent.action.VIEW" />
77-->src\main\AndroidManifest.xml:34:17-68
77-->src\main\AndroidManifest.xml:34:25-66
78
79                <category android:name="android.intent.category.DEFAULT" />
79-->src\main\AndroidManifest.xml:35:17-75
79-->src\main\AndroidManifest.xml:35:27-73
80                <category android:name="android.intent.category.BROWSABLE" />
80-->src\main\AndroidManifest.xml:36:17-77
80-->src\main\AndroidManifest.xml:36:27-75
81
82                <data
82-->src\main\AndroidManifest.xml:37:17-39:40
83                    android:host="wc"
83-->src\main\AndroidManifest.xml:39:21-38
84                    android:scheme="mywallet" />
84-->src\main\AndroidManifest.xml:38:21-46
85            </intent-filter>
86        </activity>
87        <activity android:name="com.jose.walletapp.ReceiveActivity" />
87-->src\main\AndroidManifest.xml:42:9-70
87-->src\main\AndroidManifest.xml:42:19-68
88        <activity android:name="com.jose.walletapp.TokenListActivity" />
88-->src\main\AndroidManifest.xml:43:9-72
88-->src\main\AndroidManifest.xml:43:19-70
89        <activity android:name="com.jose.walletapp.ConvertActivity" />
89-->src\main\AndroidManifest.xml:44:9-70
89-->src\main\AndroidManifest.xml:44:19-68
90        <activity android:name="com.jose.walletapp.DepositActivity" />
90-->src\main\AndroidManifest.xml:45:9-70
90-->src\main\AndroidManifest.xml:45:19-68
91        <activity android:name="com.jose.walletapp.AddTokenActivity" />
91-->src\main\AndroidManifest.xml:46:9-71
91-->src\main\AndroidManifest.xml:46:19-69
92        <activity android:name="com.jose.walletapp.WithdrawOptionsActivity" />
92-->src\main\AndroidManifest.xml:47:9-78
92-->src\main\AndroidManifest.xml:47:19-76
93
94        <!--
95             FirebaseMessagingService performs security checks at runtime,
96             but set to not exported to explicitly avoid allowing another app to call it.
97        -->
98        <service
98-->[com.google.firebase:firebase-messaging:20.0.1] AndroidManifest.xml:28:9-34:19
99            android:name="com.google.firebase.messaging.FirebaseMessagingService"
99-->[com.google.firebase:firebase-messaging:20.0.1] AndroidManifest.xml:29:13-82
100            android:exported="false" >
100-->[com.google.firebase:firebase-messaging:20.0.1] AndroidManifest.xml:30:13-37
101            <intent-filter android:priority="-500" >
101-->[com.google.firebase:firebase-messaging:20.0.1] AndroidManifest.xml:31:13-33:29
101-->[com.google.firebase:firebase-messaging:20.0.1] AndroidManifest.xml:31:28-51
102                <action android:name="com.google.firebase.MESSAGING_EVENT" />
102-->[com.google.firebase:firebase-messaging:20.0.1] AndroidManifest.xml:32:17-78
102-->[com.google.firebase:firebase-messaging:20.0.1] AndroidManifest.xml:32:25-75
103            </intent-filter>
104        </service>
105
106        <activity
106-->[com.google.firebase:firebase-auth:19.2.0] AndroidManifest.xml:24:9-31:50
107            android:name="com.google.firebase.auth.internal.FederatedSignInActivity"
107-->[com.google.firebase:firebase-auth:19.2.0] AndroidManifest.xml:25:13-85
108            android:excludeFromRecents="true"
108-->[com.google.firebase:firebase-auth:19.2.0] AndroidManifest.xml:26:13-46
109            android:exported="true"
109-->[com.google.firebase:firebase-auth:19.2.0] AndroidManifest.xml:27:13-36
110            android:launchMode="singleTask"
110-->[com.google.firebase:firebase-auth:19.2.0] AndroidManifest.xml:28:13-44
111            android:permission="com.google.firebase.auth.api.gms.permission.LAUNCH_FEDERATED_SIGN_IN"
111-->[com.google.firebase:firebase-auth:19.2.0] AndroidManifest.xml:29:13-102
112            android:theme="@android:style/Theme.Translucent.NoTitleBar" />
112-->[com.google.firebase:firebase-auth:19.2.0] AndroidManifest.xml:30:13-72
113
114        <service
114-->[com.google.firebase:firebase-auth:19.2.0] AndroidManifest.xml:33:9-39:19
115            android:name="com.google.firebase.components.ComponentDiscoveryService"
115-->[com.google.firebase:firebase-auth:19.2.0] AndroidManifest.xml:34:13-84
116            android:directBootAware="true"
116-->[com.google.firebase:firebase-common:19.3.0] AndroidManifest.xml:34:13-43
117            android:exported="false" >
117-->[com.google.firebase:firebase-auth:19.2.0] AndroidManifest.xml:35:13-37
118            <meta-data
118-->[com.google.firebase:firebase-auth:19.2.0] AndroidManifest.xml:36:13-38:85
119                android:name="com.google.firebase.components:com.google.firebase.auth.FirebaseAuthRegistrar"
119-->[com.google.firebase:firebase-auth:19.2.0] AndroidManifest.xml:37:17-109
120                android:value="com.google.firebase.components.ComponentRegistrar" />
120-->[com.google.firebase:firebase-auth:19.2.0] AndroidManifest.xml:38:17-82
121            <meta-data
121-->[com.google.firebase:firebase-database:19.2.0] AndroidManifest.xml:32:13-34:85
122                android:name="com.google.firebase.components:com.google.firebase.database.DatabaseRegistrar"
122-->[com.google.firebase:firebase-database:19.2.0] AndroidManifest.xml:33:17-109
123                android:value="com.google.firebase.components.ComponentRegistrar" />
123-->[com.google.firebase:firebase-database:19.2.0] AndroidManifest.xml:34:17-82
124            <meta-data
124-->[com.google.firebase:firebase-storage:19.1.0] AndroidManifest.xml:33:13-35:85
125                android:name="com.google.firebase.components:com.google.firebase.storage.StorageRegistrar"
125-->[com.google.firebase:firebase-storage:19.1.0] AndroidManifest.xml:34:17-107
126                android:value="com.google.firebase.components.ComponentRegistrar" />
126-->[com.google.firebase:firebase-storage:19.1.0] AndroidManifest.xml:35:17-82
127            <meta-data
127-->[com.google.android.gms:play-services-measurement-api:17.2.1] AndroidManifest.xml:30:13-32:85
128                android:name="com.google.firebase.components:com.google.firebase.analytics.connector.internal.AnalyticsConnectorRegistrar"
128-->[com.google.android.gms:play-services-measurement-api:17.2.1] AndroidManifest.xml:31:17-139
129                android:value="com.google.firebase.components.ComponentRegistrar" />
129-->[com.google.android.gms:play-services-measurement-api:17.2.1] AndroidManifest.xml:32:17-82
130            <meta-data
130-->[com.google.firebase:firebase-iid:20.0.1] AndroidManifest.xml:32:13-34:85
131                android:name="com.google.firebase.components:com.google.firebase.iid.Registrar"
131-->[com.google.firebase:firebase-iid:20.0.1] AndroidManifest.xml:33:17-96
132                android:value="com.google.firebase.components.ComponentRegistrar" />
132-->[com.google.firebase:firebase-iid:20.0.1] AndroidManifest.xml:34:17-82
133        </service>
134
135        <activity
135-->[com.journeyapps:zxing-android-embedded:4.3.0] AndroidManifest.xml:47:9-53:63
136            android:name="com.journeyapps.barcodescanner.CaptureActivity"
136-->[com.journeyapps:zxing-android-embedded:4.3.0] AndroidManifest.xml:48:13-74
137            android:clearTaskOnLaunch="true"
137-->[com.journeyapps:zxing-android-embedded:4.3.0] AndroidManifest.xml:49:13-45
138            android:screenOrientation="sensorLandscape"
138-->[com.journeyapps:zxing-android-embedded:4.3.0] AndroidManifest.xml:50:13-56
139            android:stateNotNeeded="true"
139-->[com.journeyapps:zxing-android-embedded:4.3.0] AndroidManifest.xml:51:13-42
140            android:theme="@style/zxing_CaptureTheme"
140-->[com.journeyapps:zxing-android-embedded:4.3.0] AndroidManifest.xml:52:13-54
141            android:windowSoftInputMode="stateAlwaysHidden" />
141-->[com.journeyapps:zxing-android-embedded:4.3.0] AndroidManifest.xml:53:13-60
142
143        <receiver
143-->[com.google.firebase:firebase-iid:20.0.1] AndroidManifest.xml:37:9-44:20
144            android:name="com.google.firebase.iid.FirebaseInstanceIdReceiver"
144-->[com.google.firebase:firebase-iid:20.0.1] AndroidManifest.xml:38:13-78
145            android:exported="true"
145-->[com.google.firebase:firebase-iid:20.0.1] AndroidManifest.xml:39:13-36
146            android:permission="com.google.android.c2dm.permission.SEND" >
146-->[com.google.firebase:firebase-iid:20.0.1] AndroidManifest.xml:40:13-73
147            <intent-filter>
147-->[com.google.firebase:firebase-iid:20.0.1] AndroidManifest.xml:41:13-43:29
148                <action android:name="com.google.android.c2dm.intent.RECEIVE" />
148-->[com.google.firebase:firebase-iid:20.0.1] AndroidManifest.xml:42:17-81
148-->[com.google.firebase:firebase-iid:20.0.1] AndroidManifest.xml:42:25-78
149            </intent-filter>
150        </receiver>
151
152        <provider
152-->[com.google.firebase:firebase-common:19.3.0] AndroidManifest.xml:26:9-30:39
153            android:name="com.google.firebase.provider.FirebaseInitProvider"
153-->[com.google.firebase:firebase-common:19.3.0] AndroidManifest.xml:27:13-77
154            android:authorities="g.p.smartcalculater.firebaseinitprovider"
154-->[com.google.firebase:firebase-common:19.3.0] AndroidManifest.xml:28:13-72
155            android:exported="false"
155-->[com.google.firebase:firebase-common:19.3.0] AndroidManifest.xml:29:13-37
156            android:initOrder="100" />
156-->[com.google.firebase:firebase-common:19.3.0] AndroidManifest.xml:30:13-36
157
158        <activity
158-->[com.google.android.gms:play-services-base:17.1.0] AndroidManifest.xml:23:9-26:75
159            android:name="com.google.android.gms.common.api.GoogleApiActivity"
159-->[com.google.android.gms:play-services-base:17.1.0] AndroidManifest.xml:24:13-79
160            android:exported="false"
160-->[com.google.android.gms:play-services-base:17.1.0] AndroidManifest.xml:25:13-37
161            android:theme="@android:style/Theme.Translucent.NoTitleBar" />
161-->[com.google.android.gms:play-services-base:17.1.0] AndroidManifest.xml:26:13-72
162
163        <receiver
163-->[com.google.android.gms:play-services-measurement:17.2.1] AndroidManifest.xml:29:9-33:20
164            android:name="com.google.android.gms.measurement.AppMeasurementReceiver"
164-->[com.google.android.gms:play-services-measurement:17.2.1] AndroidManifest.xml:30:13-85
165            android:enabled="true"
165-->[com.google.android.gms:play-services-measurement:17.2.1] AndroidManifest.xml:31:13-35
166            android:exported="false" >
166-->[com.google.android.gms:play-services-measurement:17.2.1] AndroidManifest.xml:32:13-37
167        </receiver>
168        <receiver
168-->[com.google.android.gms:play-services-measurement:17.2.1] AndroidManifest.xml:34:9-42:20
169            android:name="com.google.android.gms.measurement.AppMeasurementInstallReferrerReceiver"
169-->[com.google.android.gms:play-services-measurement:17.2.1] AndroidManifest.xml:35:13-100
170            android:enabled="true"
170-->[com.google.android.gms:play-services-measurement:17.2.1] AndroidManifest.xml:36:13-35
171            android:exported="true"
171-->[com.google.android.gms:play-services-measurement:17.2.1] AndroidManifest.xml:37:13-36
172            android:permission="android.permission.INSTALL_PACKAGES" >
172-->[com.google.android.gms:play-services-measurement:17.2.1] AndroidManifest.xml:38:13-69
173            <intent-filter>
173-->[com.google.android.gms:play-services-measurement:17.2.1] AndroidManifest.xml:39:13-41:29
174                <action android:name="com.android.vending.INSTALL_REFERRER" />
174-->[com.google.android.gms:play-services-measurement:17.2.1] AndroidManifest.xml:40:17-79
174-->[com.google.android.gms:play-services-measurement:17.2.1] AndroidManifest.xml:40:25-76
175            </intent-filter>
176        </receiver>
177
178        <service
178-->[com.google.android.gms:play-services-measurement:17.2.1] AndroidManifest.xml:44:9-47:40
179            android:name="com.google.android.gms.measurement.AppMeasurementService"
179-->[com.google.android.gms:play-services-measurement:17.2.1] AndroidManifest.xml:45:13-84
180            android:enabled="true"
180-->[com.google.android.gms:play-services-measurement:17.2.1] AndroidManifest.xml:46:13-35
181            android:exported="false" />
181-->[com.google.android.gms:play-services-measurement:17.2.1] AndroidManifest.xml:47:13-37
182        <service
182-->[com.google.android.gms:play-services-measurement:17.2.1] AndroidManifest.xml:48:9-52:72
183            android:name="com.google.android.gms.measurement.AppMeasurementJobService"
183-->[com.google.android.gms:play-services-measurement:17.2.1] AndroidManifest.xml:49:13-87
184            android:enabled="true"
184-->[com.google.android.gms:play-services-measurement:17.2.1] AndroidManifest.xml:50:13-35
185            android:exported="false"
185-->[com.google.android.gms:play-services-measurement:17.2.1] AndroidManifest.xml:51:13-37
186            android:permission="android.permission.BIND_JOB_SERVICE" />
186-->[com.google.android.gms:play-services-measurement:17.2.1] AndroidManifest.xml:52:13-69
187
188        <meta-data
188-->[com.google.android.gms:play-services-basement:17.0.0] AndroidManifest.xml:23:9-25:69
189            android:name="com.google.android.gms.version"
189-->[com.google.android.gms:play-services-basement:17.0.0] AndroidManifest.xml:24:13-58
190            android:value="@integer/google_play_services_version" />
190-->[com.google.android.gms:play-services-basement:17.0.0] AndroidManifest.xml:25:13-66
191
192        <provider
192-->[androidx.emoji2:emoji2:1.2.0] AndroidManifest.xml:24:9-32:20
193            android:name="androidx.startup.InitializationProvider"
193-->[androidx.emoji2:emoji2:1.2.0] AndroidManifest.xml:25:13-67
194            android:authorities="g.p.smartcalculater.androidx-startup"
194-->[androidx.emoji2:emoji2:1.2.0] AndroidManifest.xml:26:13-68
195            android:exported="false" >
195-->[androidx.emoji2:emoji2:1.2.0] AndroidManifest.xml:27:13-37
196            <meta-data
196-->[androidx.emoji2:emoji2:1.2.0] AndroidManifest.xml:29:13-31:52
197                android:name="androidx.emoji2.text.EmojiCompatInitializer"
197-->[androidx.emoji2:emoji2:1.2.0] AndroidManifest.xml:30:17-75
198                android:value="androidx.startup" />
198-->[androidx.emoji2:emoji2:1.2.0] AndroidManifest.xml:31:17-49
199            <meta-data
199-->[androidx.lifecycle:lifecycle-process:2.6.1] AndroidManifest.xml:29:13-31:52
200                android:name="androidx.lifecycle.ProcessLifecycleInitializer"
200-->[androidx.lifecycle:lifecycle-process:2.6.1] AndroidManifest.xml:30:17-78
201                android:value="androidx.startup" />
201-->[androidx.lifecycle:lifecycle-process:2.6.1] AndroidManifest.xml:31:17-49
202            <meta-data
202-->[androidx.profileinstaller:profileinstaller:1.3.0] AndroidManifest.xml:29:13-31:52
203                android:name="androidx.profileinstaller.ProfileInstallerInitializer"
203-->[androidx.profileinstaller:profileinstaller:1.3.0] AndroidManifest.xml:30:17-85
204                android:value="androidx.startup" />
204-->[androidx.profileinstaller:profileinstaller:1.3.0] AndroidManifest.xml:31:17-49
205        </provider>
206
207        <receiver
207-->[androidx.profileinstaller:profileinstaller:1.3.0] AndroidManifest.xml:34:9-52:20
208            android:name="androidx.profileinstaller.ProfileInstallReceiver"
208-->[androidx.profileinstaller:profileinstaller:1.3.0] AndroidManifest.xml:35:13-76
209            android:directBootAware="false"
209-->[androidx.profileinstaller:profileinstaller:1.3.0] AndroidManifest.xml:36:13-44
210            android:enabled="true"
210-->[androidx.profileinstaller:profileinstaller:1.3.0] AndroidManifest.xml:37:13-35
211            android:exported="true"
211-->[androidx.profileinstaller:profileinstaller:1.3.0] AndroidManifest.xml:38:13-36
212            android:permission="android.permission.DUMP" >
212-->[androidx.profileinstaller:profileinstaller:1.3.0] AndroidManifest.xml:39:13-57
213            <intent-filter>
213-->[androidx.profileinstaller:profileinstaller:1.3.0] AndroidManifest.xml:40:13-42:29
214                <action android:name="androidx.profileinstaller.action.INSTALL_PROFILE" />
214-->[androidx.profileinstaller:profileinstaller:1.3.0] AndroidManifest.xml:41:17-91
214-->[androidx.profileinstaller:profileinstaller:1.3.0] AndroidManifest.xml:41:25-88
215            </intent-filter>
216            <intent-filter>
216-->[androidx.profileinstaller:profileinstaller:1.3.0] AndroidManifest.xml:43:13-45:29
217                <action android:name="androidx.profileinstaller.action.SKIP_FILE" />
217-->[androidx.profileinstaller:profileinstaller:1.3.0] AndroidManifest.xml:44:17-85
217-->[androidx.profileinstaller:profileinstaller:1.3.0] AndroidManifest.xml:44:25-82
218            </intent-filter>
219            <intent-filter>
219-->[androidx.profileinstaller:profileinstaller:1.3.0] AndroidManifest.xml:46:13-48:29
220                <action android:name="androidx.profileinstaller.action.SAVE_PROFILE" />
220-->[androidx.profileinstaller:profileinstaller:1.3.0] AndroidManifest.xml:47:17-88
220-->[androidx.profileinstaller:profileinstaller:1.3.0] AndroidManifest.xml:47:25-85
221            </intent-filter>
222            <intent-filter>
222-->[androidx.profileinstaller:profileinstaller:1.3.0] AndroidManifest.xml:49:13-51:29
223                <action android:name="androidx.profileinstaller.action.BENCHMARK_OPERATION" />
223-->[androidx.profileinstaller:profileinstaller:1.3.0] AndroidManifest.xml:50:17-95
223-->[androidx.profileinstaller:profileinstaller:1.3.0] AndroidManifest.xml:50:25-92
224            </intent-filter>
225        </receiver>
226    </application>
227
228</manifest>